Using pre-set license
Built from '2020.3/release' branch; Version is '2020.3.7f1 (dd97f2c94397) revision 14522354'; Using compiler version '192528614'; Build Type 'Release'
OS: 'Windows 10 Home; OS build 19042.985; Version 2009; 64bit' Language: 'en' Physical Memory: 15931 MB
BatchMode: 1, IsHumanControllingUs: 0, StartBugReporterOnCrash: 0, Is64bit: 1, IsPro: 0

 COMMAND LINE ARGUMENTS:
C:\unity\2020.3.7f1\Editor\Unity.exe
-adb2
-batchMode
-noUpm
-name
AssetImportWorker0
-projectPath
C:/Users/explo/Downloads/YEETEY/RythmFightGame-023415add08fec20b1697eb8e22761c73e06a179/RythmNew
-logFile
Logs/AssetImportWorker0.log
-srvPort
49316
Successfully changed project path to: C:/Users/explo/Downloads/YEETEY/RythmFightGame-023415add08fec20b1697eb8e22761c73e06a179/RythmNew
C:/Users/explo/Downloads/YEETEY/RythmFightGame-023415add08fec20b1697eb8e22761c73e06a179/RythmNew
Using Asset Import Pipeline V2.
Refreshing native plugins compatible for Editor in 42.11 ms, found 1 plugins.
Preloading 0 native plugins for Editor in 0.00 ms.
Initialize engine version: 2020.3.7f1 (dd97f2c94397)
[Subsystems] Discovering subsystems at path C:/unity/2020.3.7f1/Editor/Data/Resources/UnitySubsystems
[Subsystems] Discovering subsystems at path C:/Users/explo/Downloads/YEETEY/RythmFightGame-023415add08fec20b1697eb8e22761c73e06a179/RythmNew/Assets
GfxDevice: creating device client; threaded=0
Direct3D:
    Version:  Direct3D 11.0 [level 11.1]
    Renderer: Intel(R) Iris(R) Xe Graphics (ID=0x9a49)
    Vendor:   
    VRAM:     7965 MB
    Driver:   27.20.100.8783
Initialize mono
Mono path[0] = 'C:/unity/2020.3.7f1/Editor/Data/Managed'
Mono path[1] = 'C:/unity/2020.3.7f1/Editor/Data/MonoBleedingEdge/lib/mono/unityjit'
Mono config path = 'C:/unity/2020.3.7f1/Editor/Data/MonoBleedingEdge/etc'
Using monoOptions --debugger-agent=transport=dt_socket,embedding=1,server=y,suspend=n,address=127.0.0.1:56512
Begin MonoManager ReloadAssembly
Registering precompiled unity dll's ...
Register platform support module: C:/unity/2020.3.7f1/Editor/Data/PlaybackEngines/WindowsStandaloneSupport/UnityEditor.WindowsStandalone.Extensions.dll
Registered in 0.002179 seconds.
Native extension for WindowsStandalone target not found
Refreshing native plugins compatible for Editor in 31.50 ms, found 1 plugins.
Preloading 0 native plugins for Editor in 0.00 ms.
Mono: successfully reloaded assembly
- Completed reload, in  1.863 seconds
Platform modules already initialized, skipping
Registering precompiled user dll's ...
Registered in 0.000809 seconds.
Begin MonoManager ReloadAssembly
Native extension for WindowsStandalone target not found
Refreshing native plugins compatible for Editor in 42.08 ms, found 1 plugins.
Preloading 0 native plugins for Editor in 0.00 ms.
Mono: successfully reloaded assembly
- Completed reload, in  1.067 seconds
Platform modules already initialized, skipping
========================================================================
Worker process is ready to serve import requests
Launched and connected shader compiler UnityShaderCompiler.exe after 0.05 seconds
Refreshing native plugins compatible for Editor in 0.41 ms, found 1 plugins.
Preloading 0 native plugins for Editor in 0.00 ms.
Unloading 1964 Unused Serialized files (Serialized files now loaded: 0)
System memory in use before: 91.7 MB.
System memory in use after: 91.8 MB.

Unloading 32 unused Assets to reduce memory usage. Loaded Objects now: 2399.
Total: 2.204200 ms (FindLiveObjects: 0.140600 ms CreateObjectMapping: 0.033500 ms MarkObjects: 1.967400 ms  DeleteObjects: 0.061500 ms)

========================================================================
Received Import Request.
  path: Assets/Scenes/Menu.unity
  artifactKey: Guid(52c59506335fd61409e3df8f39c26f68) Importer(815301076,1909f56bfc062723c751e8b465ee728b)
Start importing Assets/Scenes/Menu.unity using Guid(52c59506335fd61409e3df8f39c26f68) Importer(815301076,1909f56bfc062723c751e8b465ee728b)  -> (artifact id: '9e0314819259852b04dac9f7389b26c2') in 0.018946 seconds
  Import took 0.023213 seconds .

========================================================================
Received Import Request.
  Time since last request: 0.005727 seconds.
  path: Assets/Scenes/Menu.unity
  artifactKey: Guid(52c59506335fd61409e3df8f39c26f68) Importer(815301076,1909f56bfc062723c751e8b465ee728b)
Start importing Assets/Scenes/Menu.unity using Guid(52c59506335fd61409e3df8f39c26f68) Importer(815301076,1909f56bfc062723c751e8b465ee728b)  -> (artifact id: '9e0314819259852b04dac9f7389b26c2') in 0.004083 seconds
  Import took 0.009930 seconds .

========================================================================
Received Prepare
Registering precompiled user dll's ...
Registered in 0.000868 seconds.
Begin MonoManager ReloadAssembly
Native extension for WindowsStandalone target not found
Refreshing native plugins compatible for Editor in 0.41 ms, found 1 plugins.
Preloading 0 native plugins for Editor in 0.00 ms.
Mono: successfully reloaded assembly
- Completed reload, in  0.891 seconds
Platform modules already initialized, skipping
Refreshing native plugins compatible for Editor in 0.56 ms, found 1 plugins.
Preloading 0 native plugins for Editor in 0.00 ms.
Unloading 1941 Unused Serialized files (Serialized files now loaded: 0)
System memory in use before: 89.9 MB.
System memory in use after: 90.0 MB.

Unloading 20 unused Assets to reduce memory usage. Loaded Objects now: 2403.
Total: 2.803400 ms (FindLiveObjects: 0.280000 ms CreateObjectMapping: 0.072700 ms MarkObjects: 2.412800 ms  DeleteObjects: 0.036100 ms)

========================================================================
Received Prepare
Registering precompiled user dll's ...
Registered in 0.001300 seconds.
Begin MonoManager ReloadAssembly
Native extension for WindowsStandalone target not found
Refreshing native plugins compatible for Editor in 0.90 ms, found 1 plugins.
Preloading 0 native plugins for Editor in 0.00 ms.
Mono: successfully reloaded assembly
- Completed reload, in  1.444 seconds
Platform modules already initialized, skipping
Switching build target platform(5) subTarget(0) extendedPlatform(0) -> platform(13) subTarget(537395200) extendedPlatform(0)
Refreshing native plugins compatible for Editor in 0.63 ms, found 1 plugins.
Preloading 0 native plugins for Editor in 0.00 ms.
Unloading 1945 Unused Serialized files (Serialized files now loaded: 0)
System memory in use before: 89.8 MB.
System memory in use after: 89.9 MB.

Unloading 20 unused Assets to reduce memory usage. Loaded Objects now: 2407.
Total: 2.300200 ms (FindLiveObjects: 0.227900 ms CreateObjectMapping: 0.097000 ms MarkObjects: 1.948100 ms  DeleteObjects: 0.026000 ms)

AssetImportParameters requested are different than current active one (requested -> active):
  custom:graphics/normal-map-encoding: 01000000000000000000000000000000 -> 02000000000000000000000000000000
========================================================================
Received Prepare
Refreshing native plugins compatible for Editor in 5.90 ms, found 1 plugins.
Preloading 0 native plugins for Editor in 0.00 ms.
Unloading 18 Unused Serialized files (Serialized files now loaded: 0)
System memory in use before: 51.1 MB.
System memory in use after: 51.2 MB.

Unloading 18 unused Assets to reduce memory usage. Loaded Objects now: 2407.
Total: 2.367200 ms (FindLiveObjects: 0.198200 ms CreateObjectMapping: 0.045700 ms MarkObjects: 2.107200 ms  DeleteObjects: 0.015200 ms)

========================================================================
Received Import Request.
  Time since last request: 137.385045 seconds.
  path: Assets/Scenes/SampleScene.unity
  artifactKey: Guid(e66fb788b099b8f4ab8d799d88db0337) Importer(815301076,1909f56bfc062723c751e8b465ee728b)
Start importing Assets/Scenes/SampleScene.unity using Guid(e66fb788b099b8f4ab8d799d88db0337) Importer(815301076,1909f56bfc062723c751e8b465ee728b)  -> (artifact id: 'e7bfa49c1915b9428b1dc91098fe6a29') in 0.014474 seconds
  Import took 0.017455 seconds .

========================================================================
Received Import Request.
  Time since last request: 9.690377 seconds.
  path: Assets/Scenes/Game.unity
  artifactKey: Guid(2cda990e2423bbf4892e6590ba056729) Importer(815301076,1909f56bfc062723c751e8b465ee728b)
Start importing Assets/Scenes/Game.unity using Guid(2cda990e2423bbf4892e6590ba056729) Importer(815301076,1909f56bfc062723c751e8b465ee728b)  -> (artifact id: '1e3a759d826224743012e7d6ea67a01a') in 0.051748 seconds
  Import took 0.055104 seconds .

========================================================================
Received Prepare
Registering precompiled user dll's ...
Registered in 0.001125 seconds.
Begin MonoManager ReloadAssembly
Native extension for WindowsStandalone target not found
Refreshing native plugins compatible for Editor in 0.40 ms, found 1 plugins.
Preloading 0 native plugins for Editor in 0.00 ms.
Mono: successfully reloaded assembly
- Completed reload, in  0.770 seconds
Platform modules already initialized, skipping
Switching build target platform(5) subTarget(0) extendedPlatform(0) -> platform(13) subTarget(537395200) extendedPlatform(0)
Refreshing native plugins compatible for Editor in 0.42 ms, found 1 plugins.
Preloading 0 native plugins for Editor in 0.00 ms.
Unloading 1945 Unused Serialized files (Serialized files now loaded: 0)
System memory in use before: 89.8 MB.
System memory in use after: 89.9 MB.

Unloading 20 unused Assets to reduce memory usage. Loaded Objects now: 2411.
Total: 2.058700 ms (FindLiveObjects: 0.178500 ms CreateObjectMapping: 0.098300 ms MarkObjects: 1.756700 ms  DeleteObjects: 0.023300 ms)

AssetImportParameters requested are different than current active one (requested -> active):
  custom:graphics/normal-map-encoding: 01000000000000000000000000000000 -> 02000000000000000000000000000000
AssetImportWorkerClient::OnTransportError - code=2 error=End of file
